0 info it worked if it ends with ok
1 verbose cli [ '/usr/bin/node',
1 verbose cli   '/usr/bin/npm',
1 verbose cli   'install',
1 verbose cli   'mongoose',
1 verbose cli   '--save' ]
2 info using npm@2.7.1
3 info using node@v0.12.0
4 silly cache add args [ 'mongoose@^4.0.2', null ]
5 verbose cache add spec mongoose@^4.0.2
6 silly cache add parsed spec { raw: 'mongoose@^4.0.2',
6 silly cache add   scope: null,
6 silly cache add   name: 'mongoose',
6 silly cache add   rawSpec: '^4.0.2',
6 silly cache add   spec: '>=4.0.2 <5.0.0',
6 silly cache add   type: 'range' }
7 verbose addNamed mongoose@>=4.0.2 <5.0.0
8 silly addNamed semver.valid null
9 silly addNamed semver.validRange >=4.0.2 <5.0.0
10 silly addNameRange { name: 'mongoose', range: '>=4.0.2 <5.0.0', hasData: false }
11 silly mapToRegistry name mongoose
12 silly mapToRegistry using default registry
13 silly mapToRegistry registry https://registry.npmjs.org/
14 silly mapToRegistry uri https://registry.npmjs.org/mongoose
15 verbose addNameRange registry:https://registry.npmjs.org/mongoose not in flight; fetching
16 verbose request uri https://registry.npmjs.org/mongoose
17 verbose request no auth needed
18 info attempt registry request try #1 at 09:33:11
19 verbose request id d718af3596bbedc8
20 verbose etag "70EOEYXF51I8XQVKLQC032AUY"
21 http request GET https://registry.npmjs.org/mongoose
22 http 304 https://registry.npmjs.org/mongoose
23 silly get cb [ 304,
23 silly get   { date: 'Sat, 09 May 2015 08:33:10 GMT',
23 silly get     via: '1.1 varnish',
23 silly get     'cache-control': 'max-age=60',
23 silly get     etag: '"70EOEYXF51I8XQVKLQC032AUY"',
23 silly get     age: '0',
23 silly get     connection: 'keep-alive',
23 silly get     'x-served-by': 'cache-fra1237-FRA',
23 silly get     'x-cache': 'HIT',
23 silly get     'x-cache-hits': '1',
23 silly get     'x-timer': 'S1431160390.405388,VS0,VE178',
23 silly get     vary: 'Accept' } ]
24 verbose etag https://registry.npmjs.org/mongoose from cache
25 verbose get saving mongoose to /home/peeler/.npm/registry.npmjs.org/mongoose/.cache.json
26 silly addNameRange number 2 { name: 'mongoose', range: '>=4.0.2 <5.0.0', hasData: true }
27 silly addNameRange versions [ 'mongoose',
27 silly addNameRange   [ '0.0.1',
27 silly addNameRange     '0.0.2',
27 silly addNameRange     '0.0.3',
27 silly addNameRange     '0.0.4',
27 silly addNameRange     '0.0.5',
27 silly addNameRange     '1.0.0',
27 silly addNameRange     '1.0.1',
27 silly addNameRange     '1.0.2',
27 silly addNameRange     '0.0.6',
27 silly addNameRange     '1.0.3',
27 silly addNameRange     '1.0.4',
27 silly addNameRange     '1.0.5',
27 silly addNameRange     '1.0.6',
27 silly addNameRange     '1.0.7',
27 silly addNameRange     '1.0.8',
27 silly addNameRange     '1.0.10',
27 silly addNameRange     '1.0.11',
27 silly addNameRange     '1.0.12',
27 silly addNameRange     '1.0.13',
27 silly addNameRange     '1.0.14',
27 silly addNameRange     '1.0.15',
27 silly addNameRange     '1.0.16',
27 silly addNameRange     '1.1.0',
27 silly addNameRange     '1.1.1',
27 silly addNameRange     '1.1.2',
27 silly addNameRange     '1.1.3',
27 silly addNameRange     '1.1.4',
27 silly addNameRange     '1.1.5',
27 silly addNameRange     '1.1.6',
27 silly addNameRange     '1.1.7',
27 silly addNameRange     '1.1.8',
27 silly addNameRange     '1.1.9',
27 silly addNameRange     '1.1.10',
27 silly addNameRange     '1.1.11',
27 silly addNameRange     '1.1.12',
27 silly addNameRange     '1.1.13',
27 silly addNameRange     '1.1.14',
27 silly addNameRange     '1.1.15',
27 silly addNameRange     '1.1.16',
27 silly addNameRange     '1.1.17',
27 silly addNameRange     '1.1.18',
27 silly addNameRange     '1.1.19',
27 silly addNameRange     '1.1.20',
27 silly addNameRange     '1.1.21',
27 silly addNameRange     '1.1.22',
27 silly addNameRange     '1.1.23',
27 silly addNameRange     '1.1.24',
27 silly addNameRange     '1.1.25',
27 silly addNameRange     '1.2.0',
27 silly addNameRange     '1.3.0',
27 silly addNameRange     '1.3.1',
27 silly addNameRange     '1.3.2',
27 silly addNameRange     '1.3.3',
27 silly addNameRange     '1.3.4',
27 silly addNameRange     '1.3.5',
27 silly addNameRange     '1.3.6',
27 silly addNameRange     '1.3.7',
27 silly addNameRange     '1.4.0',
27 silly addNameRange     '1.5.0',
27 silly addNameRange     '1.6.0',
27 silly addNameRange     '1.7.2',
27 silly addNameRange     '1.7.3',
27 silly addNameRange     '1.7.4',
27 silly addNameRange     '1.8.0',
27 silly addNameRange     '1.8.1',
27 silly addNameRange     '1.8.2',
27 silly addNameRange     '1.8.3',
27 silly addNameRange     '1.8.4',
27 silly addNameRange     '2.0.0',
27 silly addNameRange     '2.0.1',
27 silly addNameRange     '2.0.2',
27 silly addNameRange     '2.0.3',
27 silly addNameRange     '2.0.4',
27 silly addNameRange     '2.1.0',
27 silly addNameRange     '2.1.1',
27 silly addNameRange     '2.1.2',
27 silly addNameRange     '2.1.3',
27 silly addNameRange     '2.1.4',
27 silly addNameRange     '2.2.0',
27 silly addNameRange     '2.2.1',
27 silly addNameRange     '2.2.2',
27 silly addNameRange     '2.2.3',
27 silly addNameRange     '2.2.4',
27 silly addNameRange     '2.3.0',
27 silly addNameRange     '2.3.1',
27 silly addNameRange     '2.3.2',
27 silly addNameRange     '2.3.3',
27 silly addNameRange     '2.3.4',
27 silly addNameRange     '2.3.5',
27 silly addNameRange     '2.3.6',
27 silly addNameRange     '2.3.7',
27 silly addNameRange     '2.3.8',
27 silly addNameRange     '2.3.9',
27 silly addNameRange     '2.3.10',
27 silly addNameRange     '2.3.11',
27 silly addNameRange     '2.3.12',
27 silly addNameRange     '2.3.13',
27 silly addNameRange     '2.4.0',
27 silly addNameRange     '2.4.1',
27 silly addNameRange     '2.4.2',
27 silly addNameRange     '2.4.3',
27 silly addNameRange     '2.4.4',
27 silly addNameRange     '2.4.5',
27 silly addNameRange     '2.4.6',
27 silly addNameRange     '2.4.7',
27 silly addNameRange     '2.4.8',
27 silly addNameRange     '2.4.9',
27 silly addNameRange     '2.4.10',
27 silly addNameRange     '2.5.0',
27 silly addNameRange     '2.5.1',
27 silly addNameRange     '2.5.2',
27 silly addNameRange     '2.5.3',
27 silly addNameRange     '2.5.4',
27 silly addNameRange     '2.5.5',
27 silly addNameRange     '2.5.6',
27 silly addNameRange     '2.5.7',
27 silly addNameRange     '2.5.8',
27 silly addNameRange     '2.5.9',
27 silly addNameRange     '2.5.10',
27 silly addNameRange     '2.5.11',
27 silly addNameRange     '2.5.12',
27 silly addNameRange     '2.5.13',
27 silly addNameRange     '2.5.14',
27 silly addNameRange     '2.6.0',
27 silly addNameRange     '2.6.1',
27 silly addNameRange     '2.6.2',
27 silly addNameRange     '2.6.3',
27 silly addNameRange     '2.6.4',
27 silly addNameRange     '2.6.5',
27 silly addNameRange     '2.6.6',
27 silly addNameRange     '2.6.7',
27 silly addNameRange     '2.6.8',
27 silly addNameRange     '2.7.0',
27 silly addNameRange     '2.7.1',
27 silly addNameRange     '2.7.2',
27 silly addNameRange     '2.7.4',
27 silly addNameRange     '2.7.3',
27 silly addNameRange     '3.0.0',
27 silly addNameRange     '3.0.1',
27 silly addNameRange     '3.0.2',
27 silly addNameRange     '2.8.0',
27 silly addNameRange     '3.0.3',
27 silly addNameRange     '3.1.0',
27 silly addNameRange     '2.8.1',
27 silly addNameRange     '3.1.1',
27 silly addNameRange     '2.8.2',
27 silly addNameRange     '2.8.3',
27 silly addNameRange     '2.9.0',
27 silly addNameRange     '3.2.0',
27 silly addNameRange     '2.9.1',
27 silly addNameRange     '3.2.1',
27 silly addNameRange     '2.9.2',
27 silly addNameRange     '3.2.2',
27 silly addNameRange     '3.3.0',
27 silly addNameRange     '3.3.1',
27 silly addNameRange     '2.9.3',
27 silly addNameRange     '3.4.0',
27 silly addNameRange     '2.9.4',
27 silly addNameRange     '2.9.5',
27 silly addNameRange     '3.5.0',
27 silly addNameRange     '3.5.1',
27 silly addNameRange     '3.5.2',
27 silly addNameRange     '3.5.3',
27 silly addNameRange     '2.9.6',
27 silly addNameRange     '2.9.7',
27 silly addNameRange     '3.5.4',
27 silly addNameRange     '3.5.5',
27 silly addNameRange     '2.9.8',
27 silly addNameRange     '2.9.9',
27 silly addNameRange     '3.5.6',
27 silly addNameRange     '3.5.7',
27 silly addNameRange     '3.5.8',
27 silly addNameRange     '2.9.10',
27 silly addNameRange     '3.5.9',
27 silly addNameRange     '3.6.2',
27 silly addNameRange     '3.5.10',
27 silly addNameRange     '3.6.3',
27 silly addNameRange     '3.5.11',
27 silly addNameRange     '3.6.4',
27 silly addNameRange     '3.6.5',
27 silly addNameRange     '3.6.6',
27 silly addNameRange     '3.6.7',
27 silly addNameRange     '3.5.12',
27 silly addNameRange     '3.6.8',
27 silly addNameRange     '3.6.9',
27 silly addNameRange     '3.6.10',
27 silly addNameRange     '3.5.13',
27 silly addNameRange     '3.5.14',
27 silly addNameRange     '3.6.11',
27 silly addNameRange     '3.6.12',
27 silly addNameRange     '3.6.13',
27 silly addNameRange     '3.6.14',
27 silly addNameRange     '3.6.15',
27 silly addNameRange     '3.5.15',
27 silly addNameRange     '3.7.0',
27 silly addNameRange     '3.6.16',
27 silly addNameRange     '3.5.16',
27 silly addNameRange     '3.6.17',
27 silly addNameRange     '3.7.2',
27 silly addNameRange     '3.0.0-alpha1',
27 silly addNameRange     '3.0.0-alpha2',
27 silly addNameRange     '3.0.0-rc0',
27 silly addNameRange     '3.6.0-rc0',
27 silly addNameRange     '3.6.0-rc1',
27 silly addNameRange     '3.6.18',
27 silly addNameRange     '3.7.3',
27 silly addNameRange     '3.6.19',
27 silly addNameRange     '3.6.20',
27 silly addNameRange     '3.7.4',
27 silly addNameRange     '3.8.0',
27 silly addNameRange     '3.8.1',
27 silly addNameRange     '3.8.2',
27 silly addNameRange     '3.8.3',
27 silly addNameRange     '3.8.4',
27 silly addNameRange     '3.8.5',
27 silly addNameRange     '3.8.6',
27 silly addNameRange     '3.8.7',
27 silly addNameRange     '3.8.8',
27 silly addNameRange     '3.8.9',
27 silly addNameRange     '3.8.10',
27 silly addNameRange     '3.8.11',
27 silly addNameRange     '3.9.0',
27 silly addNameRange     '3.8.12',
27 silly addNameRange     '3.8.13',
27 silly addNameRange     '3.8.14',
27 silly addNameRange     '3.8.15',
27 silly addNameRange     '3.9.1',
27 silly addNameRange     '3.8.16',
27 silly addNameRange     '3.9.2',
27 silly addNameRange     '3.8.17',
27 silly addNameRange     '3.9.3',
27 silly addNameRange     '3.8.18',
27 silly addNameRange     '3.9.4',
27 silly addNameRange     '3.8.19',
27 silly addNameRange     '3.9.5',
27 silly addNameRange     '3.8.20',
27 silly addNameRange     '3.9.6',
27 silly addNameRange     '3.8.21',
27 silly addNameRange     '3.9.7',
27 silly addNameRange     '3.8.22',
27 silly addNameRange     '4.0.0-rc0',
27 silly addNameRange     '4.0.0-rc1',
27 silly addNameRange     '3.8.23',
27 silly addNameRange     '4.0.0-rc2',
27 silly addNameRange     '3.8.24',
27 silly addNameRange     '4.0.0-rc3',
27 silly addNameRange     '3.8.25',
27 silly addNameRange     '4.0.0-rc4',
27 silly addNameRange     '4.0.0',
27 silly addNameRange     '4.0.1',
27 silly addNameRange     '3.8.26',
27 silly addNameRange     '3.8.27',
27 silly addNameRange     '4.0.2' ] ]
28 verbose addNamed mongoose@4.0.2
29 silly addNamed semver.valid 4.0.2
30 silly addNamed semver.validRange 4.0.2
31 silly cache afterAdd mongoose@4.0.2
32 verbose afterAdd /home/peeler/.npm/mongoose/4.0.2/package/package.json not in flight; writing
33 verbose afterAdd /home/peeler/.npm/mongoose/4.0.2/package/package.json written
34 silly install resolved [ { name: 'mongoose',
34 silly install resolved     description: 'Mongoose MongoDB ODM',
34 silly install resolved     version: '4.0.2',
34 silly install resolved     author: { name: 'Guillermo Rauch', email: 'guillermo@learnboost.com' },
34 silly install resolved     keywords:
34 silly install resolved      [ 'mongodb',
34 silly install resolved        'document',
34 silly install resolved        'model',
34 silly install resolved        'schema',
34 silly install resolved        'database',
34 silly install resolved        'odm',
34 silly install resolved        'data',
34 silly install resolved        'datastore',
34 silly install resolved        'query',
34 silly install resolved        'nosql',
34 silly install resolved        'orm',
34 silly install resolved        'db' ],
34 silly install resolved     license: 'MIT',
34 silly install resolved     dependencies:
34 silly install resolved      { async: '0.9.0',
34 silly install resolved        'hooks-fixed': '1.0.1',
34 silly install resolved        kareem: '1.0.0',
34 silly install resolved        mongodb: '2.0.27',
34 silly install resolved        mpath: '0.1.1',
34 silly install resolved        mpromise: '0.5.4',
34 silly install resolved        mquery: '1.4.0',
34 silly install resolved        ms: '0.1.0',
34 silly install resolved        muri: '1.0.0',
34 silly install resolved        'regexp-clone': '0.0.1',
34 silly install resolved        sliced: '0.0.5' },
34 silly install resolved     devDependencies:
34 silly install resolved      { acquit: '0.0.3',
34 silly install resolved        benchmark: '1.0.0',
34 silly install resolved        co: '3.1.0',
34 silly install resolved        dox: '0.3.1',
34 silly install resolved        'highlight.js': '7.0.1',
34 silly install resolved        jade: '0.26.3',
34 silly install resolved        markdown: '0.3.1',
34 silly install resolved        marked: '0.3.2',
34 silly install resolved        mocha: '1.20.0',
34 silly install resolved        'node-static': '0.5.9',
34 silly install resolved        open: '0.0.3',
34 silly install resolved        tbd: '0.6.4',
34 silly install resolved        'uglify-js': '2.4.15',
34 silly install resolved        underscore: '1.5.2',
34 silly install resolved        istanbul: '^0.3.13' },
34 silly install resolved     browserDependencies:
34 silly install resolved      { browserify: '4.1.10',
34 silly install resolved        karma: '0.12.16',
34 silly install resolved        'karma-chai': '0.1.0',
34 silly install resolved        'karma-mocha': '0.1.4',
34 silly install resolved        'karma-chrome-launcher': '0.1.4',
34 silly install resolved        'karma-sauce-launcher': '0.2.8' },
34 silly install resolved     directories: { lib: './lib/mongoose' },
34 silly install resolved     scripts:
34 silly install resolved      { 'install-browser': 'npm install `node format_deps.js`',
34 silly install resolved        test: 'set MONGOOSE_DISABLE_STABILITY_WARNING=1 && mocha --async-only test/*.test.js',
34 silly install resolved        'test-cov': 'set MONGOOSE_DISABLE_STABILITY_WARNING=1 && node_modules/.bin/istanbul cover node_modules/.bin/_mocha --async-only test/*.test.js' },
34 silly install resolved     main: './index.js',
34 silly install resolved     engines: { node: '>=0.6.19' },
34 silly install resolved     bugs:
34 silly install resolved      { url: 'https://github.com/learnboost/mongoose/issues/new',
34 silly install resolved        email: 'mongoose-orm@googlegroups.com' },
34 silly install resolved     repository: { type: 'git', url: 'git://github.com/LearnBoost/mongoose.git' },
34 silly install resolved     homepage: 'http://mongoosejs.com',
34 silly install resolved     browser: 'lib/browser.js',
34 silly install resolved     gitHead: 'e1d0293acfd82c107f2f4febd2fbf87d98390c8f',
34 silly install resolved     _id: 'mongoose@4.0.2',
34 silly install resolved     _shasum: '9327968fbff3172015761b27faf1fc6114ed76fe',
34 silly install resolved     _from: 'mongoose@>=4.0.2 <5.0.0',
34 silly install resolved     _npmVersion: '2.5.1',
34 silly install resolved     _nodeVersion: '0.12.0',
34 silly install resolved     _npmUser: { name: 'vkarpov15', email: 'valkar207@gmail.com' },
34 silly install resolved     maintainers: [ [Object], [Object], [Object], [Object], [Object] ],
34 silly install resolved     dist:
34 silly install resolved      { shasum: '9327968fbff3172015761b27faf1fc6114ed76fe',
34 silly install resolved        tarball: 'http://registry.npmjs.org/mongoose/-/mongoose-4.0.2.tgz' },
34 silly install resolved     _resolved: 'https://registry.npmjs.org/mongoose/-/mongoose-4.0.2.tgz',
34 silly install resolved     readme: 'ERROR: No README data found!' } ]
35 info install mongoose@4.0.2 into /home/peeler/WebstormProjects/code
36 info installOne mongoose@4.0.2
37 verbose installOne of mongoose to /home/peeler/WebstormProjects/code not in flight; installing
38 verbose lock using /home/peeler/.npm/_locks/mongoose-747060d93522b9a0.lock for /home/peeler/WebstormProjects/code/node_modules/mongoose
39 silly install write writing mongoose 4.0.2 to /home/peeler/WebstormProjects/code/node_modules/mongoose
40 silly cache addNamed cb mongoose@4.0.2
41 verbose unbuild node_modules/mongoose
42 info preuninstall mongoose@4.0.2
43 info uninstall mongoose@4.0.2
44 verbose unbuild rmStuff mongoose@4.0.2 from /home/peeler/WebstormProjects/code/node_modules
45 info postuninstall mongoose@4.0.2
46 verbose gentlyRm vacuuming /home/peeler/WebstormProjects/code/node_modules/mongoose
47 silly gentlyRm purging /home/peeler/WebstormProjects/code/node_modules/mongoose
48 verbose unlock done using /home/peeler/.npm/_locks/mongoose-747060d93522b9a0.lock for /home/peeler/WebstormProjects/code/node_modules/mongoose
49 verbose stack Error: EACCES, unlink '/home/peeler/WebstormProjects/code/node_modules/mongoose/node_modules/mongodb/node_modules/mongodb-core/node_modules/.bin/mkdirp'
49 verbose stack     at Error (native)
50 verbose cwd /home/peeler/WebstormProjects/code
51 error Linux 3.19.2-1-ARCH
52 error argv "/usr/bin/node" "/usr/bin/npm" "install" "mongoose" "--save"
53 error node v0.12.0
54 error npm  v2.7.1
55 error path /home/peeler/WebstormProjects/code/node_modules/mongoose/node_modules/mongodb/node_modules/mongodb-core/node_modules/.bin/mkdirp
56 error code EACCES
57 error errno -13
58 error Error: EACCES, unlink '/home/peeler/WebstormProjects/code/node_modules/mongoose/node_modules/mongodb/node_modules/mongodb-core/node_modules/.bin/mkdirp'
58 error     at Error (native)
58 error  { [Error: EACCES, unlink '/home/peeler/WebstormProjects/code/node_modules/mongoose/node_modules/mongodb/node_modules/mongodb-core/node_modules/.bin/mkdirp']
58 error   errno: -13,
58 error   code: 'EACCES',
58 error   path: '/home/peeler/WebstormProjects/code/node_modules/mongoose/node_modules/mongodb/node_modules/mongodb-core/node_modules/.bin/mkdirp' }
59 error Please try running this command again as root/Administrator.
60 verbose exit [ -13, true ]
61 verbose unbuild node_modules/mongoose
62 verbose gentlyRm vacuuming /home/peeler/WebstormProjects/code/node_modules/mongoose
63 silly gentlyRm purging /home/peeler/WebstormProjects/code/node_modules/mongoose
64 error error rolling back Error: EACCES, unlink '/home/peeler/WebstormProjects/code/node_modules/mongoose/node_modules/mongodb/node_modules/mongodb-core/node_modules/.bin/mkdirp'
64 error error rolling back     at Error (native)
64 error error rolling back  { [Error: EACCES, unlink '/home/peeler/WebstormProjects/code/node_modules/mongoose/node_modules/mongodb/node_modules/mongodb-core/node_modules/.bin/mkdirp']
64 error error rolling back   errno: -13,
64 error error rolling back   code: 'EACCES',
64 error error rolling back   path: '/home/peeler/WebstormProjects/code/node_modules/mongoose/node_modules/mongodb/node_modules/mongodb-core/node_modules/.bin/mkdirp' }
